{"C:\\Users\\romul\\Desktop\\metricas-riga-romulo\\app\\src\\app.js": {"path":"C:\\Users\\romul\\Desktop\\metricas-riga-romulo\\app\\src\\app.js","statementMap":{"0":{"start":{"line":2,"column":16},"end":{"line":2,"column":34}},"1":{"start":{"line":3,"column":11},"end":{"line":3,"column":26}},"2":{"start":{"line":4,"column":47},"end":{"line":4,"column":67}},"3":{"start":{"line":5,"column":22},"end":{"line":5,"column":50}},"4":{"start":{"line":7,"column":12},"end":{"line":7,"column":21}},"5":{"start":{"line":9,"column":0},"end":{"line":9,"column":24}},"6":{"start":{"line":10,"column":0},"end":{"line":10,"column":27}},"7":{"start":{"line":12,"column":0},"end":{"line":12,"column":56}},"8":{"start":{"line":12,"column":27},"end":{"line":12,"column":54}},"9":{"start":{"line":13,"column":0},"end":{"line":13,"column":37}},"10":{"start":{"line":14,"column":0},"end":{"line":14,"column":40}},"11":{"start":{"line":16,"column":0},"end":{"line":19,"column":3}},"12":{"start":{"line":17,"column":2},"end":{"line":17,"column":33}},"13":{"start":{"line":18,"column":2},"end":{"line":18,"column":62}},"14":{"start":{"line":21,"column":0},"end":{"line":21,"column":21}}},"fnMap":{"0":{"name":"(anonymous_0)","decl":{"start":{"line":12,"column":13},"end":{"line":12,"column":14}},"loc":{"start":{"line":12,"column":27},"end":{"line":12,"column":54}},"line":12},"1":{"name":"(anonymous_1)","decl":{"start":{"line":16,"column":8},"end":{"line":16,"column":9}},"loc":{"start":{"line":16,"column":33},"end":{"line":19,"column":1}},"line":16}},"branchMap":{},"s":{"0":1,"1":1,"2":1,"3":1,"4":1,"5":1,"6":1,"7":1,"8":1,"9":1,"10":1,"11":1,"12":0,"13":0,"14":1},"f":{"0":1,"1":0},"b":{},"_coverageSchema":"1a1c01bbd47fc00a2c39e90264f33305004495a9","hash":"72cc8257fda4dd39d25a68e13513861f24cebcf4"}
,"C:\\Users\\romul\\Desktop\\metricas-riga-romulo\\app\\src\\db.js": {"path":"C:\\Users\\romul\\Desktop\\metricas-riga-romulo\\app\\src\\db.js","statementMap":{"0":{"start":{"line":1,"column":17},"end":{"line":1,"column":30}},"1":{"start":{"line":3,"column":15},"end":{"line":12,"column":1}},"2":{"start":{"line":14,"column":13},"end":{"line":14,"column":29}},"3":{"start":{"line":16,"column":0},"end":{"line":18,"column":3}},"4":{"start":{"line":17,"column":2},"end":{"line":17,"column":74}},"5":{"start":{"line":20,"column":16},"end":{"line":42,"column":1}},"6":{"start":{"line":21,"column":2},"end":{"line":41,"column":3}},"7":{"start":{"line":21,"column":15},"end":{"line":21,"column":16}},"8":{"start":{"line":22,"column":4},"end":{"line":40,"column":5}},"9":{"start":{"line":23,"column":6},"end":{"line":33,"column":9}},"10":{"start":{"line":34,"column":6},"end":{"line":34,"column":68}},"11":{"start":{"line":35,"column":6},"end":{"line":35,"column":13}},"12":{"start":{"line":37,"column":6},"end":{"line":37,"column":70}},"13":{"start":{"line":38,"column":6},"end":{"line":38,"column":41}},"14":{"start":{"line":38,"column":29},"end":{"line":38,"column":41}},"15":{"start":{"line":39,"column":6},"end":{"line":39,"column":55}},"16":{"start":{"line":39,"column":31},"end":{"line":39,"column":53}},"17":{"start":{"line":44,"column":0},"end":{"line":44,"column":35}}},"fnMap":{"0":{"name":"(anonymous_0)","decl":{"start":{"line":16,"column":17},"end":{"line":16,"column":18}},"loc":{"start":{"line":16,"column":26},"end":{"line":18,"column":1}},"line":16},"1":{"name":"(anonymous_1)","decl":{"start":{"line":20,"column":16},"end":{"line":20,"column":17}},"loc":{"start":{"line":20,"column":53},"end":{"line":42,"column":1}},"line":20},"2":{"name":"(anonymous_2)","decl":{"start":{"line":39,"column":24},"end":{"line":39,"column":25}},"loc":{"start":{"line":39,"column":31},"end":{"line":39,"column":53}},"line":39}},"branchMap":{"0":{"loc":{"start":{"line":20,"column":23},"end":{"line":20,"column":34}},"type":"default-arg","locations":[{"start":{"line":20,"column":33},"end":{"line":20,"column":34}}],"line":20},"1":{"loc":{"start":{"line":20,"column":36},"end":{"line":20,"column":48}},"type":"default-arg","locations":[{"start":{"line":20,"column":44},"end":{"line":20,"column":48}}],"line":20},"2":{"loc":{"start":{"line":38,"column":6},"end":{"line":38,"column":41}},"type":"if","locations":[{"start":{"line":38,"column":6},"end":{"line":38,"column":41}},{"start":{},"end":{}}],"line":38}},"s":{"0":1,"1":1,"2":1,"3":1,"4":0,"5":1,"6":0,"7":0,"8":0,"9":0,"10":0,"11":0,"12":0,"13":0,"14":0,"15":0,"16":0,"17":1},"f":{"0":0,"1":0,"2":0},"b":{"0":[0],"1":[0],"2":[0,0]},"_coverageSchema":"1a1c01bbd47fc00a2c39e90264f33305004495a9","hash":"e4a5641bc52e34da59a78c10c9cde5c82868b1bb"}
,"C:\\Users\\romul\\Desktop\\metricas-riga-romulo\\app\\src\\metrics.js": {"path":"C:\\Users\\romul\\Desktop\\metricas-riga-romulo\\app\\src\\metrics.js","statementMap":{"0":{"start":{"line":1,"column":15},"end":{"line":1,"column":37}},"1":{"start":{"line":4,"column":17},"end":{"line":4,"column":38}},"2":{"start":{"line":5,"column":0},"end":{"line":5,"column":43}},"3":{"start":{"line":8,"column":21},"end":{"line":13,"column":2}},"4":{"start":{"line":16,"column":22},"end":{"line":23,"column":1}},"5":{"start":{"line":17,"column":2},"end":{"line":22,"column":5}},"6":{"start":{"line":26,"column":16},"end":{"line":38,"column":1}},"7":{"start":{"line":41,"column":26},"end":{"line":54,"column":1}},"8":{"start":{"line":42,"column":14},"end":{"line":42,"column":47}},"9":{"start":{"line":44,"column":2},"end":{"line":51,"column":5}},"10":{"start":{"line":45,"column":18},"end":{"line":45,"column":61}},"11":{"start":{"line":46,"column":4},"end":{"line":50,"column":7}},"12":{"start":{"line":53,"column":2},"end":{"line":53,"column":9}},"13":{"start":{"line":57,"column":24},"end":{"line":64,"column":1}},"14":{"start":{"line":58,"column":2},"end":{"line":63,"column":3}},"15":{"start":{"line":59,"column":4},"end":{"line":59,"column":50}},"16":{"start":{"line":60,"column":4},"end":{"line":60,"column":38}},"17":{"start":{"line":62,"column":4},"end":{"line":62,"column":39}},"18":{"start":{"line":67,"column":24},"end":{"line":71,"column":1}},"19":{"start":{"line":68,"column":2},"end":{"line":70,"column":3}},"20":{"start":{"line":69,"column":4},"end":{"line":69,"column":54}},"21":{"start":{"line":73,"column":0},"end":{"line":78,"column":2}}},"fnMap":{"0":{"name":"(anonymous_0)","decl":{"start":{"line":16,"column":22},"end":{"line":16,"column":23}},"loc":{"start":{"line":16,"column":50},"end":{"line":23,"column":1}},"line":16},"1":{"name":"(anonymous_1)","decl":{"start":{"line":41,"column":26},"end":{"line":41,"column":27}},"loc":{"start":{"line":41,"column":46},"end":{"line":54,"column":1}},"line":41},"2":{"name":"(anonymous_2)","decl":{"start":{"line":44,"column":19},"end":{"line":44,"column":20}},"loc":{"start":{"line":44,"column":25},"end":{"line":51,"column":3}},"line":44},"3":{"name":"(anonymous_3)","decl":{"start":{"line":57,"column":24},"end":{"line":57,"column":25}},"loc":{"start":{"line":57,"column":44},"end":{"line":64,"column":1}},"line":57},"4":{"name":"(anonymous_4)","decl":{"start":{"line":67,"column":24},"end":{"line":67,"column":25}},"loc":{"start":{"line":67,"column":59},"end":{"line":71,"column":1}},"line":67}},"branchMap":{"0":{"loc":{"start":{"line":45,"column":18},"end":{"line":45,"column":61}},"type":"binary-expr","locations":[{"start":{"line":45,"column":18},"end":{"line":45,"column":33}},{"start":{"line":45,"column":37},"end":{"line":45,"column":48}},{"start":{"line":45,"column":52},"end":{"line":45,"column":61}}],"line":45},"1":{"loc":{"start":{"line":67,"column":36},"end":{"line":67,"column":54}},"type":"default-arg","locations":[{"start":{"line":67,"column":45},"end":{"line":67,"column":54}}],"line":67},"2":{"loc":{"start":{"line":68,"column":2},"end":{"line":70,"column":3}},"type":"if","locations":[{"start":{"line":68,"column":2},"end":{"line":70,"column":3}},{"start":{},"end":{}}],"line":68}},"s":{"0":1,"1":1,"2":1,"3":1,"4":1,"5":2,"6":1,"7":1,"8":2,"9":2,"10":2,"11":2,"12":2,"13":1,"14":0,"15":0,"16":0,"17":0,"18":1,"19":0,"20":0,"21":1},"f":{"0":2,"1":2,"2":2,"3":0,"4":0},"b":{"0":[2,0,0],"1":[0],"2":[0,0]},"_coverageSchema":"1a1c01bbd47fc00a2c39e90264f33305004495a9","hash":"c7903aa54405bc135ae2e22f8aa5c746528bbc83"}
,"C:\\Users\\romul\\Desktop\\metricas-riga-romulo\\app\\src\\models\\usuarios.js": {"path":"C:\\Users\\romul\\Desktop\\metricas-riga-romulo\\app\\src\\models\\usuarios.js","statementMap":{"0":{"start":{"line":1,"column":17},"end":{"line":1,"column":33}},"1":{"start":{"line":2,"column":37},"end":{"line":2,"column":58}},"2":{"start":{"line":4,"column":24},"end":{"line":26,"column":1}},"3":{"start":{"line":5,"column":2},"end":{"line":25,"column":3}},"4":{"start":{"line":6,"column":18},"end":{"line":6,"column":28}},"5":{"start":{"line":7,"column":19},"end":{"line":7,"column":50}},"6":{"start":{"line":9,"column":4},"end":{"line":9,"column":42}},"7":{"start":{"line":12,"column":21},"end":{"line":12,"column":39}},"8":{"start":{"line":14,"column":4},"end":{"line":19,"column":5}},"9":{"start":{"line":15,"column":6},"end":{"line":18,"column":9}},"10":{"start":{"line":21,"column":4},"end":{"line":21,"column":18}},"11":{"start":{"line":23,"column":4},"end":{"line":23,"column":40}},"12":{"start":{"line":24,"column":4},"end":{"line":24,"column":16}},"13":{"start":{"line":28,"column":19},"end":{"line":42,"column":1}},"14":{"start":{"line":29,"column":48},"end":{"line":29,"column":52}},"15":{"start":{"line":30,"column":16},"end":{"line":35,"column":3}},"16":{"start":{"line":36,"column":17},"end":{"line":40,"column":3}},"17":{"start":{"line":41,"column":2},"end":{"line":41,"column":24}},"18":{"start":{"line":44,"column":17},"end":{"line":51,"column":1}},"19":{"start":{"line":45,"column":17},"end":{"line":49,"column":3}},"20":{"start":{"line":50,"column":2},"end":{"line":50,"column":21}},"21":{"start":{"line":54,"column":19},"end":{"line":80,"column":1}},"22":{"start":{"line":55,"column":17},"end":{"line":55,"column":38}},"23":{"start":{"line":56,"column":17},"end":{"line":56,"column":40}},"24":{"start":{"line":59,"column":2},"end":{"line":61,"column":3}},"25":{"start":{"line":60,"column":4},"end":{"line":60,"column":63}},"26":{"start":{"line":64,"column":20},"end":{"line":66,"column":15}},"27":{"start":{"line":65,"column":27},"end":{"line":65,"column":55}},"28":{"start":{"line":68,"column":16},"end":{"line":73,"column":3}},"29":{"start":{"line":75,"column":17},"end":{"line":75,"column":32}},"30":{"start":{"line":76,"column":17},"end":{"line":76,"column":63}},"31":{"start":{"line":79,"column":2},"end":{"line":79,"column":32}},"32":{"start":{"line":83,"column":19},"end":{"line":88,"column":1}},"33":{"start":{"line":84,"column":16},"end":{"line":84,"column":52}},"34":{"start":{"line":85,"column":17},"end":{"line":85,"column":61}},"35":{"start":{"line":87,"column":2},"end":{"line":87,"column":25}},"36":{"start":{"line":91,"column":0},"end":{"line":96,"column":2}}},"fnMap":{"0":{"name":"(anonymous_0)","decl":{"start":{"line":4,"column":24},"end":{"line":4,"column":25}},"loc":{"start":{"line":4,"column":60},"end":{"line":26,"column":1}},"line":4},"1":{"name":"(anonymous_1)","decl":{"start":{"line":28,"column":19},"end":{"line":28,"column":20}},"loc":{"start":{"line":28,"column":35},"end":{"line":42,"column":1}},"line":28},"2":{"name":"(anonymous_2)","decl":{"start":{"line":44,"column":17},"end":{"line":44,"column":18}},"loc":{"start":{"line":44,"column":29},"end":{"line":51,"column":1}},"line":44},"3":{"name":"(anonymous_3)","decl":{"start":{"line":54,"column":19},"end":{"line":54,"column":20}},"loc":{"start":{"line":54,"column":43},"end":{"line":80,"column":1}},"line":54},"4":{"name":"(anonymous_4)","decl":{"start":{"line":65,"column":9},"end":{"line":65,"column":10}},"loc":{"start":{"line":65,"column":27},"end":{"line":65,"column":55}},"line":65},"5":{"name":"(anonymous_5)","decl":{"start":{"line":83,"column":19},"end":{"line":83,"column":20}},"loc":{"start":{"line":83,"column":33},"end":{"line":88,"column":1}},"line":83}},"branchMap":{"0":{"loc":{"start":{"line":14,"column":4},"end":{"line":19,"column":5}},"type":"if","locations":[{"start":{"line":14,"column":4},"end":{"line":19,"column":5}},{"start":{},"end":{}}],"line":14},"1":{"loc":{"start":{"line":59,"column":2},"end":{"line":61,"column":3}},"type":"if","locations":[{"start":{"line":59,"column":2},"end":{"line":61,"column":3}},{"start":{},"end":{}}],"line":59},"2":{"loc":{"start":{"line":79,"column":9},"end":{"line":79,"column":31}},"type":"binary-expr","locations":[{"start":{"line":79,"column":9},"end":{"line":79,"column":23}},{"start":{"line":79,"column":27},"end":{"line":79,"column":31}}],"line":79}},"s":{"0":1,"1":1,"2":1,"3":0,"4":0,"5":0,"6":0,"7":0,"8":0,"9":0,"10":0,"11":0,"12":0,"13":1,"14":0,"15":0,"16":0,"17":0,"18":1,"19":0,"20":0,"21":1,"22":0,"23":0,"24":0,"25":0,"26":0,"27":0,"28":0,"29":0,"30":0,"31":0,"32":1,"33":0,"34":0,"35":0,"36":1},"f":{"0":0,"1":0,"2":0,"3":0,"4":0,"5":0},"b":{"0":[0,0],"1":[0,0],"2":[0,0]},"_coverageSchema":"1a1c01bbd47fc00a2c39e90264f33305004495a9","hash":"9cce71b3f8db662c3035201d42d3d6287938afe9"}
,"C:\\Users\\romul\\Desktop\\metricas-riga-romulo\\app\\src\\routes\\usuarios.js": {"path":"C:\\Users\\romul\\Desktop\\metricas-riga-romulo\\app\\src\\routes\\usuarios.js","statementMap":{"0":{"start":{"line":1,"column":16},"end":{"line":1,"column":34}},"1":{"start":{"line":2,"column":15},"end":{"line":2,"column":31}},"2":{"start":{"line":3,"column":21},"end":{"line":3,"column":50}},"3":{"start":{"line":4,"column":23},"end":{"line":4,"column":53}},"4":{"start":{"line":7,"column":0},"end":{"line":24,"column":3}},"5":{"start":{"line":8,"column":2},"end":{"line":23,"column":3}},"6":{"start":{"line":10,"column":20},"end":{"line":10,"column":28}},"7":{"start":{"line":11,"column":4},"end":{"line":13,"column":5}},"8":{"start":{"line":12,"column":6},"end":{"line":12,"column":62}},"9":{"start":{"line":15,"column":17},"end":{"line":15,"column":56}},"10":{"start":{"line":16,"column":4},"end":{"line":16,"column":31}},"11":{"start":{"line":19,"column":4},"end":{"line":21,"column":5}},"12":{"start":{"line":20,"column":6},"end":{"line":20,"column":87}},"13":{"start":{"line":22,"column":4},"end":{"line":22,"column":49}},"14":{"start":{"line":27,"column":0},"end":{"line":34,"column":3}},"15":{"start":{"line":28,"column":2},"end":{"line":33,"column":3}},"16":{"start":{"line":29,"column":18},"end":{"line":29,"column":47}},"17":{"start":{"line":30,"column":4},"end":{"line":30,"column":20}},"18":{"start":{"line":32,"column":4},"end":{"line":32,"column":49}},"19":{"start":{"line":37,"column":0},"end":{"line":60,"column":3}},"20":{"start":{"line":38,"column":2},"end":{"line":59,"column":3}},"21":{"start":{"line":39,"column":19},"end":{"line":39,"column":29}},"22":{"start":{"line":40,"column":21},"end":{"line":40,"column":29}},"23":{"start":{"line":43,"column":4},"end":{"line":45,"column":5}},"24":{"start":{"line":44,"column":6},"end":{"line":44,"column":62}},"25":{"start":{"line":47,"column":24},"end":{"line":47,"column":67}},"26":{"start":{"line":49,"column":4},"end":{"line":51,"column":5}},"27":{"start":{"line":50,"column":6},"end":{"line":50,"column":72}},"28":{"start":{"line":53,"column":4},"end":{"line":53,"column":26}},"29":{"start":{"line":55,"column":4},"end":{"line":57,"column":5}},"30":{"start":{"line":56,"column":6},"end":{"line":56,"column":87}},"31":{"start":{"line":58,"column":4},"end":{"line":58,"column":49}},"32":{"start":{"line":63,"column":0},"end":{"line":77,"column":3}},"33":{"start":{"line":64,"column":2},"end":{"line":76,"column":3}},"34":{"start":{"line":65,"column":19},"end":{"line":65,"column":29}},"35":{"start":{"line":66,"column":25},"end":{"line":66,"column":58}},"36":{"start":{"line":68,"column":4},"end":{"line":70,"column":5}},"37":{"start":{"line":69,"column":6},"end":{"line":69,"column":72}},"38":{"start":{"line":73,"column":4},"end":{"line":73,"column":27}},"39":{"start":{"line":75,"column":4},"end":{"line":75,"column":49}},"40":{"start":{"line":80,"column":0},"end":{"line":80,"column":24}}},"fnMap":{"0":{"name":"(anonymous_0)","decl":{"start":{"line":7,"column":17},"end":{"line":7,"column":18}},"loc":{"start":{"line":7,"column":37},"end":{"line":24,"column":1}},"line":7},"1":{"name":"(anonymous_1)","decl":{"start":{"line":27,"column":16},"end":{"line":27,"column":17}},"loc":{"start":{"line":27,"column":36},"end":{"line":34,"column":1}},"line":27},"2":{"name":"(anonymous_2)","decl":{"start":{"line":37,"column":19},"end":{"line":37,"column":20}},"loc":{"start":{"line":37,"column":39},"end":{"line":60,"column":1}},"line":37},"3":{"name":"(anonymous_3)","decl":{"start":{"line":63,"column":22},"end":{"line":63,"column":23}},"loc":{"start":{"line":63,"column":42},"end":{"line":77,"column":1}},"line":63}},"branchMap":{"0":{"loc":{"start":{"line":11,"column":4},"end":{"line":13,"column":5}},"type":"if","locations":[{"start":{"line":11,"column":4},"end":{"line":13,"column":5}},{"start":{},"end":{}}],"line":11},"1":{"loc":{"start":{"line":11,"column":8},"end":{"line":11,"column":32}},"type":"binary-expr","locations":[{"start":{"line":11,"column":8},"end":{"line":11,"column":12}},{"start":{"line":11,"column":16},"end":{"line":11,"column":32}}],"line":11},"2":{"loc":{"start":{"line":19,"column":4},"end":{"line":21,"column":5}},"type":"if","locations":[{"start":{"line":19,"column":4},"end":{"line":21,"column":5}},{"start":{},"end":{}}],"line":19},"3":{"loc":{"start":{"line":43,"column":4},"end":{"line":45,"column":5}},"type":"if","locations":[{"start":{"line":43,"column":4},"end":{"line":45,"column":5}},{"start":{},"end":{}}],"line":43},"4":{"loc":{"start":{"line":43,"column":8},"end":{"line":43,"column":49}},"type":"binary-expr","locations":[{"start":{"line":43,"column":8},"end":{"line":43,"column":20}},{"start":{"line":43,"column":24},"end":{"line":43,"column":49}}],"line":43},"5":{"loc":{"start":{"line":49,"column":4},"end":{"line":51,"column":5}},"type":"if","locations":[{"start":{"line":49,"column":4},"end":{"line":51,"column":5}},{"start":{},"end":{}}],"line":49},"6":{"loc":{"start":{"line":55,"column":4},"end":{"line":57,"column":5}},"type":"if","locations":[{"start":{"line":55,"column":4},"end":{"line":57,"column":5}},{"start":{},"end":{}}],"line":55},"7":{"loc":{"start":{"line":68,"column":4},"end":{"line":70,"column":5}},"type":"if","locations":[{"start":{"line":68,"column":4},"end":{"line":70,"column":5}},{"start":{},"end":{}}],"line":68}},"s":{"0":1,"1":1,"2":1,"3":1,"4":1,"5":1,"6":1,"7":1,"8":1,"9":0,"10":0,"11":0,"12":0,"13":0,"14":1,"15":0,"16":0,"17":0,"18":0,"19":1,"20":0,"21":0,"22":0,"23":0,"24":0,"25":0,"26":0,"27":0,"28":0,"29":0,"30":0,"31":0,"32":1,"33":0,"34":0,"35":0,"36":0,"37":0,"38":0,"39":0,"40":1},"f":{"0":1,"1":0,"2":0,"3":0},"b":{"0":[1,0],"1":[1,1],"2":[0,0],"3":[0,0],"4":[0,0],"5":[0,0],"6":[0,0],"7":[0,0]},"_coverageSchema":"1a1c01bbd47fc00a2c39e90264f33305004495a9","hash":"825f0076384f95f65548afa0f9dd8ecd4fdc11de"}
,"C:\\Users\\romul\\Desktop\\metricas-riga-romulo\\app\\src\\utils\\validators.js": {"path":"C:\\Users\\romul\\Desktop\\metricas-riga-romulo\\app\\src\\utils\\validators.js","statementMap":{"0":{"start":{"line":3,"column":2},"end":{"line":3,"column":44}},"1":{"start":{"line":3,"column":31},"end":{"line":3,"column":44}},"2":{"start":{"line":4,"column":2},"end":{"line":4,"column":35}},"3":{"start":{"line":5,"column":2},"end":{"line":5,"column":67}},"4":{"start":{"line":5,"column":54},"end":{"line":5,"column":67}},"5":{"start":{"line":7,"column":20},"end":{"line":7,"column":48}},"6":{"start":{"line":7,"column":44},"end":{"line":7,"column":47}},"7":{"start":{"line":9,"column":12},"end":{"line":13,"column":3}},"8":{"start":{"line":10,"column":12},"end":{"line":10,"column":82}},"9":{"start":{"line":10,"column":43},"end":{"line":10,"column":78}},"10":{"start":{"line":11,"column":15},"end":{"line":11,"column":35}},"11":{"start":{"line":12,"column":4},"end":{"line":12,"column":16}},"12":{"start":{"line":15,"column":2},"end":{"line":15,"column":98}},"13":{"start":{"line":18,"column":0},"end":{"line":18,"column":32}}},"fnMap":{"0":{"name":"isValidCPF","decl":{"start":{"line":2,"column":9},"end":{"line":2,"column":19}},"loc":{"start":{"line":2,"column":25},"end":{"line":16,"column":1}},"line":2},"1":{"name":"(anonymous_1)","decl":{"start":{"line":7,"column":38},"end":{"line":7,"column":39}},"loc":{"start":{"line":7,"column":44},"end":{"line":7,"column":47}},"line":7},"2":{"name":"(anonymous_2)","decl":{"start":{"line":9,"column":12},"end":{"line":9,"column":13}},"loc":{"start":{"line":9,"column":24},"end":{"line":13,"column":3}},"line":9},"3":{"name":"(anonymous_3)","decl":{"start":{"line":10,"column":26},"end":{"line":10,"column":27}},"loc":{"start":{"line":10,"column":43},"end":{"line":10,"column":78}},"line":10}},"branchMap":{"0":{"loc":{"start":{"line":3,"column":2},"end":{"line":3,"column":44}},"type":"if","locations":[{"start":{"line":3,"column":2},"end":{"line":3,"column":44}},{"start":{},"end":{}}],"line":3},"1":{"loc":{"start":{"line":5,"column":2},"end":{"line":5,"column":67}},"type":"if","locations":[{"start":{"line":5,"column":2},"end":{"line":5,"column":67}},{"start":{},"end":{}}],"line":5},"2":{"loc":{"start":{"line":5,"column":6},"end":{"line":5,"column":52}},"type":"binary-expr","locations":[{"start":{"line":5,"column":6},"end":{"line":5,"column":23}},{"start":{"line":5,"column":27},"end":{"line":5,"column":52}}],"line":5},"3":{"loc":{"start":{"line":15,"column":9},"end":{"line":15,"column":97}},"type":"binary-expr","locations":[{"start":{"line":15,"column":9},"end":{"line":15,"column":50}},{"start":{"line":15,"column":54},"end":{"line":15,"column":97}}],"line":15}},"s":{"0":1,"1":0,"2":1,"3":1,"4":0,"5":1,"6":11,"7":1,"8":2,"9":19,"10":2,"11":2,"12":1,"13":1},"f":{"0":1,"1":11,"2":2,"3":19},"b":{"0":[0,1],"1":[0,1],"2":[1,1],"3":[1,1]},"_coverageSchema":"1a1c01bbd47fc00a2c39e90264f33305004495a9","hash":"8b21c7d0ab18e7ffc5b3453af0c787b4d3bcb93b"}
}
